Build started 28-09-2021 20:48:53.
     1>Project "D:\IIT_G\Sem_1\Speech\Assignments\4.KMeans_LBG\214101059_Assignment4\Kmeans\Kmeans\Kmeans.vcxproj" on node 2 (build target(s)).
     1>PrepareForBuild:
         Creating directory "D:\IIT_G\Sem_1\Speech\Assignments\4.KMeans_LBG\214101059_Assignment4\Kmeans\Debug\".
       InitializeBuildStatus:
         Creating "Debug\Kmeans.unsuccessfulbuild" because "AlwaysCreate" was specified.
       ClCompile:
         C:\Program Files (x86)\Microsoft Visual Studio 10.0\VC\bin\CL.exe /c /ZI /nologo /W3 /WX- /Od /Oy- /D WIN32 /D _DEBUG /D _CONSOLE /D _UNICODE /D UNICODE /Gm /EHsc /RTC1 /MDd /GS /fp:precise /Zc:wchar_t /Zc:forScope /Yc"StdAfx.h" /Fp"Debug\Kmeans.pch" /Fo"Debug\\" /Fd"Debug\vc100.pdb" /Gd /TP /analyze- /errorReport:prompt stdafx.cpp
         stdafx.cpp
         C:\Program Files (x86)\Microsoft Visual Studio 10.0\VC\bin\CL.exe /c /ZI /nologo /W3 /WX- /Od /Oy- /D WIN32 /D _DEBUG /D _CONSOLE /D _UNICODE /D UNICODE /Gm /EHsc /RTC1 /MDd /GS /fp:precise /Zc:wchar_t /Zc:forScope /Yu"StdAfx.h" /Fp"Debug\Kmeans.pch" /Fo"Debug\\" /Fd"Debug\vc100.pdb" /Gd /TP /analyze- /errorReport:prompt Kmeans.cpp
         Kmeans.cpp
     1>d:\iit_g\sem_1\speech\assignments\4.kmeans_lbg\214101059_assignment4\kmeans\kmeans\kmeans.cpp(145): warning C4996: 'fopen': This function or variable may be unsafe. Consider using fopen_s instead. To disable deprecation, use _CRT_SECURE_NO_WARNINGS. See online help for details.
                 c:\program files (x86)\microsoft visual studio 10.0\vc\include\stdio.h(234) : see declaration of 'fopen'
     1>d:\iit_g\sem_1\speech\assignments\4.kmeans_lbg\214101059_assignment4\kmeans\kmeans\kmeans.cpp(162): warning C4996: 'strtok': This function or variable may be unsafe. Consider using strtok_s instead. To disable deprecation, use _CRT_SECURE_NO_WARNINGS. See online help for details.
                 c:\program files (x86)\microsoft visual studio 10.0\vc\include\string.h(197) : see declaration of 'strtok'
     1>d:\iit_g\sem_1\speech\assignments\4.kmeans_lbg\214101059_assignment4\kmeans\kmeans\kmeans.cpp(169): warning C4996: 'strtok': This function or variable may be unsafe. Consider using strtok_s instead. To disable deprecation, use _CRT_SECURE_NO_WARNINGS. See online help for details.
                 c:\program files (x86)\microsoft visual studio 10.0\vc\include\string.h(197) : see declaration of 'strtok'
     1>d:\iit_g\sem_1\speech\assignments\4.kmeans_lbg\214101059_assignment4\kmeans\kmeans\kmeans.cpp(192): warning C4244: 'argument' : conversion from 'time_t' to 'unsigned int', possible loss of data
     1>d:\iit_g\sem_1\speech\assignments\4.kmeans_lbg\214101059_assignment4\kmeans\kmeans\kmeans.cpp(236): warning C4996: 'getch': The POSIX name for this item is deprecated. Instead, use the ISO C++ conformant name: _getch. See online help for details.
                 c:\program files (x86)\microsoft visual studio 10.0\vc\include\conio.h(128) : see declaration of 'getch'
       ManifestResourceCompile:
         C:\Program Files (x86)\Microsoft SDKs\Windows\v7.0A\bin\rc.exe /nologo /fo"Debug\Kmeans.exe.embed.manifest.res" Debug\Kmeans_manifest.rc 
       Link:
         C:\Program Files (x86)\Microsoft Visual Studio 10.0\VC\bin\link.exe /ERRORREPORT:PROMPT /OUT:"D:\IIT_G\Sem_1\Speech\Assignments\4.KMeans_LBG\214101059_Assignment4\Kmeans\Debug\Kmeans.exe" /INCREMENTAL /NOLOGO kernel32.lib user32.lib gdi32.lib winspool.lib comdlg32.lib advapi32.lib shell32.lib ole32.lib oleaut32.lib uuid.lib odbc32.lib odbccp32.lib /MANIFEST /ManifestFile:"Debug\Kmeans.exe.intermediate.manifest" /MANIFESTUAC:"level='asInvoker' uiAccess='false'" /DEBUG /PDB:"D:\IIT_G\Sem_1\Speech\Assignments\4.KMeans_LBG\214101059_Assignment4\Kmeans\Debug\Kmeans.pdb" /SUBSYSTEM:CONSOLE /TLBID:1 /DYNAMICBASE /NXCOMPAT /IMPLIB:"D:\IIT_G\Sem_1\Speech\Assignments\4.KMeans_LBG\214101059_Assignment4\Kmeans\Debug\Kmeans.lib" /MACHINE:X86 Debug\Kmeans.exe.embed.manifest.res
         Debug\Kmeans.obj
         Debug\stdafx.obj
       Manifest:
         C:\Program Files (x86)\Microsoft SDKs\Windows\v7.0A\bin\mt.exe /nologo /verbose /out:"Debug\Kmeans.exe.embed.manifest" /manifest Debug\Kmeans.exe.intermediate.manifest
         All outputs are up-to-date.
       LinkEmbedManifest:
         All outputs are up-to-date.
         Kmeans.vcxproj -> D:\IIT_G\Sem_1\Speech\Assignments\4.KMeans_LBG\214101059_Assignment4\Kmeans\Debug\Kmeans.exe
       FinalizeBuildStatus:
         Deleting file "Debug\Kmeans.unsuccessfulbuild".
         Touching "Debug\Kmeans.lastbuildstate".
     1>Done Building Project "D:\IIT_G\Sem_1\Speech\Assignments\4.KMeans_LBG\214101059_Assignment4\Kmeans\Kmeans\Kmeans.vcxproj" (build target(s)).

Build succeeded.

Time Elapsed 00:00:02.37
